Arguments: 
  /home/nelson/.asdf/installs/nodejs/18.16.0/bin/node /home/nelson/.yarn/bin/yarn.js install

PATH: 
  /home/nelson/.asdf/plugins/nodejs/shims:/home/nelson/.asdf/installs/nodejs/18.16.0/bin:/home/nelson/.asdf/shims:/home/nelson/.asdf/bin:/home/nelson/.yarn/bin:/home/nelson/.config/yarn/global/node_modules/.bin:/home/nelson/.local/bin:/home/nelson/.npm-global/bin:/home/nelson/.local/bin:/home/nelson/bin:/home/nelson/.npm-global/bin:/home/nelson/.cargo/bin:/home/nelson/.local/bin:/home/nelson/bin:/usr/local/sbin:/usr/local/bin:/usr/sbin:/usr/bin:/sbin:/bin:/usr/games:/usr/local/games:/snap/bin:/snap/bin:/home/nelson/.local/bin:/usr/local/go/bin:/home/nelson/go/bin/:/home/nelson/.npm-global/bin:/home/nelson/.local/bin:/usr/local/go/bin:/home/nelson/go/bin/:/home/nelson/.npm-global/bin

Yarn version: 
  1.22.19

Node version: 
  18.16.0

Platform: 
  linux x64

Trace: 
  SyntaxError: /home/nelson/workspace/rails/sqm-dashboards/package.json: Unexpected token < in JSON at position 534
      at JSON.parse (<anonymous>)
      at /home/nelson/.yarn/lib/cli.js:1629:59
      at Generator.next (<anonymous>)
      at step (/home/nelson/.yarn/lib/cli.js:310:30)
      at /home/nelson/.yarn/lib/cli.js:321:13

npm manifest: 
  {
    "name": "app",
    "description": "School quality framework",
    "engines": {
      "node": "18.x"
    },
    "private": "true",
    "dependencies": {
      "@babel/preset-env": "^7.15.8",
      "@fortawesome/fontawesome-free": "^6.0.0-beta3",
      "@hotwired/stimulus": "^3.0.1",
      "@hotwired/turbo-rails": "^7.1.1",
      "@popperjs/core": "^2.10.2",
      "@rails/actioncable": "^6.0.0",
      "@rails/activestorage": "^6.0.0",
      "@rails/ujs": "^6.0.0",
      "babel-preset-es2015": "^6.24.1",
      "bootstrap": "^5.1.3",
      "debounce": "^1.2.1",
  <<<<<<< HEAD
      "esbuild": "^0.13.6",
      "sass": "^1.43.4"
  =======
      "esbuild": "^0.17.12",
      "sass": "^1.43.4",
      "semver": "7.5.2"
  >>>>>>> eaef648 (upgraded semver to 7.5.2 and adding updated files package.json and yarn.lock)
    },
    "scripts": {
      "build": "esbuild app/javascript/*.* --bundle --outdir=app/assets/builds",
      "test": "jest",
      "build:css": "sass ./app/assets/stylesheets/application.sass.scss ./app/assets/builds/application.css --no-source-map --load-path=node_modules ; sass ./app/assets/stylesheets/sqm.sass.scss ./app/assets/builds/sqm.css --no-source-map --load-path=node_modules ; sass ./app/assets/stylesheets/welcome.sass.scss ./app/assets/builds/welcome.css --no-source-map --load-path=node_modules",
      "watch:css": "sass ./app/assets/stylesheets/application.sass.scss ./app/assets/builds/application.css --no-source-map --load-path=node_modules --watch & sass ./app/assets/stylesheets/sqm.sass.scss ./app/assets/builds/sqm.css --no-source-map --load-path=node_modules --watch & sass ./app/assets/stylesheets/welcome.sass.scss ./app/assets/builds/welcome.css --no-source-map --load-path=node_modules --watch",
      "watch:all": "yarn watch:css & yarn build --watch"
    },
    "devDependencies": {
      "jest": "^27.2.5",
      "markdownlint": "^0.25.1",
      "prettier": "2.7.1"
    },
    "jest": {
      "roots": [
        "./spec/javascript"
      ],
      "moduleDirectories": [
        "node_modules",
        "app/javascript"
      ],
      "testEnvironment": "jsdom"
    }
  }

yarn manifest: 
  No manifest

Lockfile: 
  No lockfile
